Arguments: 
  /home/psvl/.nvm/versions/node/v10.15.3/bin/node /usr/share/yarn/bin/yarn.js add invirsify

PATH: 
  /home/psvl/.local/bin:/home/psvl/.nvm/versions/node/v10.15.3/bin:/home/psvl/.local/bin:/usr/local/sbin:/usr/local/bin:/usr/sbin:/usr/bin:/sbin:/bin:/usr/games:/usr/local/games:/snap/bin

Yarn version: 
  1.15.2

Node version: 
  10.15.3

Platform: 
  linux x64

Trace: 
  Error: https://registry.yarnpkg.com/invirsify: Not found
      at Request.params.callback [as _callback] (/usr/share/yarn/lib/cli.js:66058:18)
      at Request.self.callback (/usr/share/yarn/lib/cli.js:129541:22)
      at Request.emit (events.js:189:13)
      at Request.<anonymous> (/usr/share/yarn/lib/cli.js:130513:10)
      at Request.emit (events.js:189:13)
      at IncomingMessage.<anonymous> (/usr/share/yarn/lib/cli.js:130435:12)
      at Object.onceWrapper (events.js:277:13)
      at IncomingMessage.emit (events.js:194:15)
      at endReadableNT (_stream_readable.js:1125:12)
      at process._tickCallback (internal/process/next_tick.js:63:19)

npm manifest: 
  {
    "name": "core",
    "version": "1.0.0",
    "private": true,
    "scripts": {
      "build": "./node_modules/.bin/tslint --force 'src/**/*.ts' && ./node_modules/.bin/tsc --project tsconfig.build.json",
      "build-dev": "./node_modules/.bin/tsc --watch --project tsconfig.build.json",
      "tslint": "./node_modules/.bin/tslint 'src/**/*.ts'"
    },
    "dependencies": {
      "reflect-metadata": "0.1.12"
    },
    "devDependencies": {
      "@types/node": "8.0.46",
      "tslint": "5.12.0",
      "tslint-config-airbnb": "5.11.1",
      "typescript": "3.3.3"
    }
  }

yarn manifest: 
  No manifest

Lockfile: 
  No lockfile
